<?xml version="1.0" encoding="UTF-8"?>
<!-- Generated by org.testng.reporters.JUnitReportReporter -->
<testsuite skipped="0" hostname="LAPTOP-GI27NIKJ" name="com.training.test.login.LoginTest" tests="1" failures="0" timestamp="2022-04-07T21:52:03 CDT" time="10.198" errors="0">
  <testcase name="Forgot_Password_4_B" time="10.198" classname="com.training.test.login.LoginTest"/>
  <system-out/>
</testsuite> <!-- com.training.test.login.LoginTest -->
